<?xml version="1.0" encoding="UTF-8" ?>
<testsuite tests="1" failures="0" name="com.dongnao.autotest.web.ExcelTest" time="0.631" errors="0" skipped="0">
  <properties>
    <property name="java.runtime.name" value="Java(TM) SE Runtime Environment"/>
    <property name="sun.boot.library.path" value="C:\Program Files\Java\jdk1.8.0_171\jre\bin"/>
    <property name="java.vm.version" value="25.171-b11"/>
    <property name="java.vm.vendor" value="Oracle Corporation"/>
    <property name="maven.multiModuleProjectDirectory" value="D:\JavaCourse\outotest-ws\com.dongnao.parent\com.dongnao.autotest.web"/>
    <property name="java.vendor.url" value="http://java.oracle.com/"/>
    <property name="path.separator" value=";"/>
    <property name="guice.disable.misplaced.annotation.check" value="true"/>
    <property name="java.vm.name" value="Java HotSpot(TM) 64-Bit Server VM"/>
    <property name="file.encoding.pkg" value="sun.io"/>
    <property name="user.script" value=""/>
    <property name="user.country" value="CN"/>
    <property name="sun.java.launcher" value="SUN_STANDARD"/>
    <property name="sun.os.patch.level" value=""/>
    <property name="java.vm.specification.name" value="Java Virtual Machine Specification"/>
    <property name="user.dir" value="D:\JavaCourse\outotest-ws\com.dongnao.parent\com.dongnao.autotest.web"/>
    <property name="PID" value="34424"/>
    <property name="java.runtime.version" value="1.8.0_171-b11"/>
    <property name="java.awt.graphicsenv" value="sun.awt.Win32GraphicsEnvironment"/>
    <property name="basedir" value="D:\JavaCourse\outotest-ws\com.dongnao.parent\com.dongnao.autotest.web"/>
    <property name="java.endorsed.dirs" value="C:\Program Files\Java\jdk1.8.0_171\jre\lib\endorsed"/>
    <property name="os.arch" value="amd64"/>
    <property name="org.jboss.logging.provider" value="slf4j"/>
    <property name="java.io.tmpdir" value="C:\Users\tonghl\AppData\Local\Temp\"/>
    <property name="line.separator" value="
"/>
    <property name="java.vm.specification.vendor" value="Oracle Corporation"/>
    <property name="user.variant" value=""/>
    <property name="os.name" value="Windows 10"/>
    <property name="classworlds.conf" value="D:\JavaCourse\outotest-ws\.metadata\.plugins\org.eclipse.m2e.launching\launches\m2conf6071562794261931088.tmp"/>
    <property name="sun.jnu.encoding" value="GBK"/>
    <property name="java.library.path" value="C:\Program Files\Java\jdk1.8.0_171\bin;C:\WINDOWS\Sun\Java\bin;C:\WINDOWS\system32;C:\WINDOWS;C:/Program Files/Java/jdk1.8.0_171/bin/../jre/bin/server;C:/Program Files/Java/jdk1.8.0_171/bin/../jre/bin;C:/Program Files/Java/jdk1.8.0_171/bin/../jre/lib/amd64;C:\Program Files (x86)\Intel\iCLS Client\;C:\Program Files\Intel\iCLS Client\;C:\Program Files\Java\jdk1.8.0_171\bin;C:\Program Files\Java\jre1.8.0_171\bin;C:\Program Files (x86)\Intel\Intel(R) Management Engine Components\DAL;C:\Program Files\Intel\Intel(R) Management Engine Components\DAL;C:\Program Files (x86)\Intel\Intel(R) Management Engine Components\IPT;C:\Program Files\Intel\Intel(R) Management Engine Components\IPT;C:\windows\system32;C:\strawberry\c\bin;C:\strawberry\perl\bin;C:\WINDOWS\system32;C:\WINDOWS;C:\WINDOWS\System32\Wbem;C:\WINDOWS\System32\WindowsPowerShell\v1.0\;C:\WINDOWS\System32\OpenSSH\;D:\android\sdk\tools;D:\android\sdk\platform-tools;C:\Program Files\Git\cmd;D:\work\space\apache-maven-3.6.0-bin\apache-maven-3.6.0\bin;D:\Program Files\MySQL\MySQL Server 8.0\bin;C:\Users\tonghl\AppData\Local\Microsoft\WindowsApps;;D:\eclipse;;."/>
    <property name="spring.beaninfo.ignore" value="true"/>
    <property name="surefire.test.class.path" value="D:\JavaCourse\outotest-ws\com.dongnao.parent\com.dongnao.autotest.web\target\test-classes;D:\JavaCourse\outotest-ws\com.dongnao.parent\com.dongnao.autotest.web\target\classes;D:\work\space\repository\mysql\mysql-connector-java\8.0.13\mysql-connector-java-8.0.13.jar;D:\work\space\repository\com\google\protobuf\protobuf-java\3.6.1\protobuf-java-3.6.1.jar;D:\work\space\repository\commons-fileupload\commons-fileupload\1.3.2\commons-fileupload-1.3.2.jar;D:\work\space\repository\commons-io\commons-io\2.2\commons-io-2.2.jar;D:\work\space\repository\org\springframework\boot\spring-boot-starter-web\1.5.2.RELEASE\spring-boot-starter-web-1.5.2.RELEASE.jar;D:\work\space\repository\org\springframework\boot\spring-boot-starter\1.5.2.RELEASE\spring-boot-starter-1.5.2.RELEASE.jar;D:\work\space\repository\org\springframework\boot\spring-boot\1.5.2.RELEASE\spring-boot-1.5.2.RELEASE.jar;D:\work\space\repository\org\springframework\boot\spring-boot-autoconfigure\1.5.2.RELEASE\spring-boot-autoconfigure-1.5.2.RELEASE.jar;D:\work\space\repository\org\springframework\boot\spring-boot-starter-logging\1.5.2.RELEASE\spring-boot-starter-logging-1.5.2.RELEASE.jar;D:\work\space\repository\org\slf4j\jcl-over-slf4j\1.7.24\jcl-over-slf4j-1.7.24.jar;D:\work\space\repository\org\slf4j\jul-to-slf4j\1.7.24\jul-to-slf4j-1.7.24.jar;D:\work\space\repository\org\slf4j\log4j-over-slf4j\1.7.24\log4j-over-slf4j-1.7.24.jar;D:\work\space\repository\org\yaml\snakeyaml\1.17\snakeyaml-1.17.jar;D:\work\space\repository\org\hibernate\hibernate-validator\5.3.4.Final\hibernate-validator-5.3.4.Final.jar;D:\work\space\repository\javax\validation\validation-api\1.1.0.Final\validation-api-1.1.0.Final.jar;D:\work\space\repository\org\jboss\logging\jboss-logging\3.3.0.Final\jboss-logging-3.3.0.Final.jar;D:\work\space\repository\com\fasterxml\classmate\1.3.3\classmate-1.3.3.jar;D:\work\space\repository\org\springframework\spring-web\4.3.6.RELEASE\spring-web-4.3.6.RELEASE.jar;D:\work\space\repository\org\springframework\spring-aop\4.3.6.RELEASE\spring-aop-4.3.6.RELEASE.jar;D:\work\space\repository\org\springframework\spring-beans\4.3.6.RELEASE\spring-beans-4.3.6.RELEASE.jar;D:\work\space\repository\org\springframework\spring-context\4.3.6.RELEASE\spring-context-4.3.6.RELEASE.jar;D:\work\space\repository\org\springframework\spring-webmvc\4.3.6.RELEASE\spring-webmvc-4.3.6.RELEASE.jar;D:\work\space\repository\org\springframework\spring-expression\4.3.6.RELEASE\spring-expression-4.3.6.RELEASE.jar;D:\work\space\repository\org\springframework\boot\spring-boot-starter-actuator\1.5.2.RELEASE\spring-boot-starter-actuator-1.5.2.RELEASE.jar;D:\work\space\repository\org\springframework\boot\spring-boot-actuator\1.5.2.RELEASE\spring-boot-actuator-1.5.2.RELEASE.jar;D:\work\space\repository\org\springframework\boot\spring-boot-starter-tomcat\1.5.2.RELEASE\spring-boot-starter-tomcat-1.5.2.RELEASE.jar;D:\work\space\repository\org\apache\tomcat\embed\tomcat-embed-core\8.5.11\tomcat-embed-core-8.5.11.jar;D:\work\space\repository\org\apache\tomcat\embed\tomcat-embed-el\8.5.11\tomcat-embed-el-8.5.11.jar;D:\work\space\repository\org\apache\tomcat\embed\tomcat-embed-websocket\8.5.11\tomcat-embed-websocket-8.5.11.jar;D:\work\space\repository\org\thymeleaf\thymeleaf\3.0.9.RELEASE\thymeleaf-3.0.9.RELEASE.jar;D:\work\space\repository\ognl\ognl\3.1.12\ognl-3.1.12.jar;D:\work\space\repository\org\javassist\javassist\3.21.0-GA\javassist-3.21.0-GA.jar;D:\work\space\repository\org\attoparser\attoparser\2.0.4.RELEASE\attoparser-2.0.4.RELEASE.jar;D:\work\space\repository\org\unbescape\unbescape\1.1.5.RELEASE\unbescape-1.1.5.RELEASE.jar;D:\work\space\repository\org\thymeleaf\thymeleaf-spring4\3.0.9.RELEASE\thymeleaf-spring4-3.0.9.RELEASE.jar;D:\work\space\repository\nz\net\ultraq\thymeleaf\thymeleaf-layout-dialect\2.2.2\thymeleaf-layout-dialect-2.2.2.jar;D:\work\space\repository\nz\net\ultraq\thymeleaf\thymeleaf-expression-processor\1.1.3\thymeleaf-expression-processor-1.1.3.jar;D:\work\space\repository\org\codehaus\groovy\groovy\2.4.9\groovy-2.4.9.jar;D:\work\space\repository\com\dongnao\testframe\com.dongnao.autotest.service\1.0.0\com.dongnao.autotest.service-1.0.0.jar;D:\work\space\repository\com\alibaba\druid\1.0.20\druid-1.0.20.jar;C:\Program Files\Java\jdk1.8.0_171\jre\..\lib\jconsole.jar;C:\Program Files\Java\jdk1.8.0_171\jre\..\lib\tools.jar;D:\work\space\repository\org\mybatis\spring\boot\mybatis-spring-boot-starter\1.2.0\mybatis-spring-boot-starter-1.2.0.jar;D:\work\space\repository\org\springframework\boot\spring-boot-starter-jdbc\1.5.2.RELEASE\spring-boot-starter-jdbc-1.5.2.RELEASE.jar;D:\work\space\repository\org\apache\tomcat\tomcat-jdbc\8.5.11\tomcat-jdbc-8.5.11.jar;D:\work\space\repository\org\apache\tomcat\tomcat-juli\8.5.11\tomcat-juli-8.5.11.jar;D:\work\space\repository\org\springframework\spring-jdbc\4.3.6.RELEASE\spring-jdbc-4.3.6.RELEASE.jar;D:\work\space\repository\org\springframework\spring-tx\4.3.6.RELEASE\spring-tx-4.3.6.RELEASE.jar;D:\work\space\repository\org\mybatis\spring\boot\mybatis-spring-boot-autoconfigure\1.2.0\mybatis-spring-boot-autoconfigure-1.2.0.jar;D:\work\space\repository\org\mybatis\mybatis\3.4.2\mybatis-3.4.2.jar;D:\work\space\repository\org\mybatis\mybatis-spring\1.3.1\mybatis-spring-1.3.1.jar;D:\work\space\repository\com\dongnao\testframe\com.dongnao.autotest.common\1.0.0\com.dongnao.autotest.common-1.0.0.jar;D:\work\space\repository\org\apache\poi\poi\3.16\poi-3.16.jar;D:\work\space\repository\commons-codec\commons-codec\1.10\commons-codec-1.10.jar;D:\work\space\repository\org\apache\commons\commons-collections4\4.1\commons-collections4-4.1.jar;D:\work\space\repository\org\apache\poi\poi-ooxml\3.16\poi-ooxml-3.16.jar;D:\work\space\repository\org\apache\poi\poi-ooxml-schemas\3.16\poi-ooxml-schemas-3.16.jar;D:\work\space\repository\org\apache\xmlbeans\xmlbeans\2.6.0\xmlbeans-2.6.0.jar;D:\work\space\repository\stax\stax-api\1.0.1\stax-api-1.0.1.jar;D:\work\space\repository\com\github\virtuald\curvesapi\1.04\curvesapi-1.04.jar;D:\work\space\repository\org\springframework\boot\spring-boot-starter-test\1.5.1.RELEASE\spring-boot-starter-test-1.5.1.RELEASE.jar;D:\work\space\repository\org\springframework\boot\spring-boot-test\1.5.2.RELEASE\spring-boot-test-1.5.2.RELEASE.jar;D:\work\space\repository\org\springframework\boot\spring-boot-test-autoconfigure\1.5.2.RELEASE\spring-boot-test-autoconfigure-1.5.2.RELEASE.jar;D:\work\space\repository\com\jayway\jsonpath\json-path\2.2.0\json-path-2.2.0.jar;D:\work\space\repository\net\minidev\json-smart\2.2.1\json-smart-2.2.1.jar;D:\work\space\repository\net\minidev\accessors-smart\1.1\accessors-smart-1.1.jar;D:\work\space\repository\org\ow2\asm\asm\5.0.3\asm-5.0.3.jar;D:\work\space\repository\org\assertj\assertj-core\2.6.0\assertj-core-2.6.0.jar;D:\work\space\repository\org\mockito\mockito-core\1.10.19\mockito-core-1.10.19.jar;D:\work\space\repository\org\objenesis\objenesis\2.1\objenesis-2.1.jar;D:\work\space\repository\org\hamcrest\hamcrest-library\1.3\hamcrest-library-1.3.jar;D:\work\space\repository\org\skyscreamer\jsonassert\1.4.0\jsonassert-1.4.0.jar;D:\work\space\repository\com\vaadin\external\google\android-json\0.0.20131108.vaadin1\android-json-0.0.20131108.vaadin1.jar;D:\work\space\repository\org\springframework\spring-core\4.3.6.RELEASE\spring-core-4.3.6.RELEASE.jar;D:\work\space\repository\org\springframework\spring-test\4.3.6.RELEASE\spring-test-4.3.6.RELEASE.jar;D:\work\space\repository\org\hamcrest\hamcrest-core\1.3\hamcrest-core-1.3.jar;D:\work\space\repository\junit\junit\4.12\junit-4.12.jar;D:\work\space\repository\org\slf4j\slf4j-api\1.7.24\slf4j-api-1.7.24.jar;D:\work\space\repository\ch\qos\logback\logback-core\1.1.11\logback-core-1.1.11.jar;D:\work\space\repository\ch\qos\logback\logback-classic\1.1.11\logback-classic-1.1.11.jar;D:\work\space\repository\com\fasterxml\jackson\core\jackson-core\2.8.6\jackson-core-2.8.6.jar;D:\work\space\repository\com\fasterxml\jackson\core\jackson-annotations\2.8.6\jackson-annotations-2.8.6.jar;D:\work\space\repository\com\fasterxml\jackson\core\jackson-databind\2.8.6\jackson-databind-2.8.6.jar;"/>
    <property name="java.specification.name" value="Java Platform API Specification"/>
    <property name="java.class.version" value="52.0"/>
    <property name="sun.management.compiler" value="HotSpot 64-Bit Tiered Compilers"/>
    <property name="os.version" value="10.0"/>
    <property name="user.home" value="C:\Users\tonghl"/>
    <property name="user.timezone" value="Asia/Shanghai"/>
    <property name="java.awt.printerjob" value="sun.awt.windows.WPrinterJob"/>
    <property name="java.specification.version" value="1.8"/>
    <property name="file.encoding" value="UTF-8"/>
    <property name="user.name" value="tonghl"/>
    <property name="java.class.path" value="D:\work\space\apache-maven-3.6.0-bin\apache-maven-3.6.0\boot\plexus-classworlds-2.5.2.jar"/>
    <property name="java.vm.specification.version" value="1.8"/>
    <property name="sun.arch.data.model" value="64"/>
    <property name="java.home" value="C:\Program Files\Java\jdk1.8.0_171\jre"/>
    <property name="sun.java.command" value="org.codehaus.plexus.classworlds.launcher.Launcher -B -s D:\work\space\apache-maven-3.6.0-bin\apache-maven-3.6.0\conf\settings.xml install"/>
    <property name="java.specification.vendor" value="Oracle Corporation"/>
    <property name="user.language" value="zh"/>
    <property name="awt.toolkit" value="sun.awt.windows.WToolkit"/>
    <property name="java.vm.info" value="mixed mode"/>
    <property name="java.version" value="1.8.0_171"/>
    <property name="java.ext.dirs" value="C:\Program Files\Java\jdk1.8.0_171\jre\lib\ext;C:\WINDOWS\Sun\Java\lib\ext"/>
    <property name="sun.boot.class.path" value="C:\Program Files\Java\jdk1.8.0_171\jre\lib\resources.jar;C:\Program Files\Java\jdk1.8.0_171\jre\lib\rt.jar;C:\Program Files\Java\jdk1.8.0_171\jre\lib\sunrsasign.jar;C:\Program Files\Java\jdk1.8.0_171\jre\lib\jsse.jar;C:\Program Files\Java\jdk1.8.0_171\jre\lib\jce.jar;C:\Program Files\Java\jdk1.8.0_171\jre\lib\charsets.jar;C:\Program Files\Java\jdk1.8.0_171\jre\lib\jfr.jar;C:\Program Files\Java\jdk1.8.0_171\jre\classes"/>
    <property name="java.vendor" value="Oracle Corporation"/>
    <property name="java.awt.headless" value="true"/>
    <property name="maven.home" value="D:\work\space\apache-maven-3.6.0-bin\apache-maven-3.6.0"/>
    <property name="localRepository" value="D:\work\space\repository"/>
    <property name="file.separator" value="\"/>
    <property name="java.vendor.url.bug" value="http://bugreport.sun.com/bugreport/"/>
    <property name="sun.cpu.endian" value="little"/>
    <property name="sun.io.unicode.encoding" value="UnicodeLittle"/>
    <property name="sun.desktop" value="windows"/>
    <property name="sun.cpu.isalist" value="amd64"/>
  </properties>
  <testcase name="test" time="0.63"/>
</testsuite>